Arguments: 
  /usr/local/Cellar/node/11.4.0/bin/node /Users/evan/.yarn/bin/yarn.js add -D @types/debug typescript tslint tslint-config-ptrettier tape @types/tape @neezer/liz

PATH: 
  /Users/evan/.cargo/bin:/Users/evan/.yarn/bin:/Users/evan/.config/yarn/global/node_modules/.bin:/usr/local/bin:/usr/bin:/bin:/usr/sbin:/sbin:/Applications/VMware Fusion.app/Contents/Public:/Applications/Postgres.app/Contents/Versions/latest/bin:/Users/evan/.cargo/bin:/Users/evan/.yarn/bin:/Users/evan/.config/yarn/global/node_modules/.bin:/usr/local/opt/fzf/bin:/Users/evan/go/bin:/Users/evan/go/bin

Yarn version: 
  1.12.3

Node version: 
  11.4.0

Platform: 
  darwin x64

Trace: 
  Error: https://registry.yarnpkg.com/tslint-config-ptrettier: Not found
      at Request.params.callback [as _callback] (/Users/evan/.yarn/lib/cli.js:65894:18)
      at Request.self.callback (/Users/evan/.yarn/lib/cli.js:129018:22)
      at Request.emit (events.js:189:13)
      at Request.<anonymous> (/Users/evan/.yarn/lib/cli.js:129990:10)
      at Request.emit (events.js:189:13)
      at IncomingMessage.<anonymous> (/Users/evan/.yarn/lib/cli.js:129912:12)
      at Object.onceWrapper (events.js:277:13)
      at IncomingMessage.emit (events.js:194:15)
      at endReadableNT (_stream_readable.js:1107:12)
      at process.internalTickCallback (internal/process/next_tick.js:72:19)

npm manifest: 
  {
    "name": "liz-amqp",
    "version": "0.0.0-alpha.1",
    "private": true,
    "main": "dist/index.js",
    "types": "dist/index.d.ts",
    "license": "MIT"
  }

yarn manifest: 
  No manifest

Lockfile: 
  No lockfile
